AndroidImp/unityLibrary/build/outputs/logs/manifest-merger-debug-report.txt
-- Merging decision tree log ---
manifest
ADDED from src\main\AndroidManifest.xml:3:1-19:12
INJECTED from src\main\AndroidManifest.xml:3:1-19:12
INJECTED from src\main\AndroidManifest.xml:3:1-19:12
INJECTED from src\main\AndroidManifest.xml:3:1-19:12
INJECTED from src\main\AndroidManifest.xml:3:1-19:12
INJECTED from src\main\AndroidManifest.xml:3:1-19:12
INJECTED from src\main\AndroidManifest.xml:3:1-19:12
	package
		ADDED from src\main\AndroidManifest.xml:3:70-98
		INJECTED from src\main\AndroidManifest.xml
		INJECTED from src\main\AndroidManifest.xml
	android:versionName
		INJECTED from src\main\AndroidManifest.xml
		ADDED from src\main\AndroidManifest.xml:3:1-19:12
		INJECTED from src\main\AndroidManifest.xml
	xmlns:tools
		ADDED from src\main\AndroidManifest.xml:3:99-145
	android:versionCode
		INJECTED from src\main\AndroidManifest.xml
		ADDED from src\main\AndroidManifest.xml:3:1-19:12
		INJECTED from src\main\AndroidManifest.xml
	xmlns:android
		ADDED from src\main\AndroidManifest.xml:3:11-69
application
ADDED from src\main\AndroidManifest.xml:4:3-13:17
activity#com.unity3d.player.UnityPlayerActivity
ADDED from src\main\AndroidManifest.xml:5:5-8:16
	android:screenOrientation
		ADDED from src\main\AndroidManifest.xml:5:111-149
	android:launchMode
		ADDED from src\main\AndroidManifest.xml:5:150-181
	android:hardwareAccelerated
		ADDED from src\main\AndroidManifest.xml:5:364-399
	android:configChanges
		ADDED from src\main\AndroidManifest.xml:5:182-363
	android:theme
		ADDED from src\main\AndroidManifest.xml:5:69-110
	android:name
		ADDED from src\main\AndroidManifest.xml:5:15-68
meta-data#unityplayer.UnityActivity
ADDED from src\main\AndroidManifest.xml:6:7-82
	android:value
		ADDED from src\main\AndroidManifest.xml:6:59-79
	android:name
		ADDED from src\main\AndroidManifest.xml:6:18-58
meta-data#android.notch_support
ADDED from src\main\AndroidManifest.xml:7:7-78
	android:value
		ADDED from src\main\AndroidManifest.xml:7:55-75
	android:name
		ADDED from src\main\AndroidManifest.xml:7:18-54
meta-data#unity.splash-mode
ADDED from src\main\AndroidManifest.xml:9:5-69
	android:value
		ADDED from src\main\AndroidManifest.xml:9:49-66
	android:name
		ADDED from src\main\AndroidManifest.xml:9:16-48
meta-data#unity.splash-enable
ADDED from src\main\AndroidManifest.xml:10:5-74
	android:value
		ADDED from src\main\AndroidManifest.xml:10:51-71
	android:name
		ADDED from src\main\AndroidManifest.xml:10:16-50
meta-data#notch.config
ADDED from src\main\AndroidManifest.xml:11:5-81
	android:value
		ADDED from src\main\AndroidManifest.xml:11:44-78
	android:name
		ADDED from src\main\AndroidManifest.xml:11:16-43
meta-data#unity.build-id
ADDED from src\main\AndroidManifest.xml:12:5-101
	android:value
		ADDED from src\main\AndroidManifest.xml:12:46-98
	android:name
		ADDED from src\main\AndroidManifest.xml:12:16-45
uses-feature#0x00020000
ADDED from src\main\AndroidManifest.xml:14:3-52
	android:glEsVersion
		ADDED from src\main\AndroidManifest.xml:14:17-49
uses-permission#android.permission.INTERNET
ADDED from src\main\AndroidManifest.xml:15:3-65
	android:name
		ADDED from src\main\AndroidManifest.xml:15:20-62
uses-feature#android.hardware.touchscreen
ADDED from src\main\AndroidManifest.xml:16:3-88
	android:required
		ADDED from src\main\AndroidManifest.xml:16:61-85
	android:name
		ADDED from src\main\AndroidManifest.xml:16:17-60
uses-feature#android.hardware.touchscreen.multitouch
ADDED from src\main\AndroidManifest.xml:17:3-99
	android:required
		ADDED from src\main\AndroidManifest.xml:17:72-96
	android:name
		ADDED from src\main\AndroidManifest.xml:17:17-71
uses-feature#android.hardware.touchscreen.multitouch.distinct
ADDED from src\main\AndroidManifest.xml:18:3-108
	android:required
		ADDED from src\main\AndroidManifest.xml:18:81-105
	android:name
		ADDED from src\main\AndroidManifest.xml:18:17-80
uses-sdk
INJECTED from src\main\AndroidManifest.xml reason: use-sdk injection requested
INJECTED from src\main\AndroidManifest.xml
INJECTED from src\main\AndroidManifest.xml
INJECTED from src\main\AndroidManifest.xml
INJECTED from src\main\AndroidManifest.xml
	android:targetSdkVersion
		INJECTED from src\main\AndroidManifest.xml
		ADDED from src\main\AndroidManifest.xml
		INJECTED from src\main\AndroidManifest.xml
	android:minSdkVersion
		INJECTED from src\main\AndroidManifest.xml
		ADDED from src\main\AndroidManifest.xml
		INJECTED from src\main\AndroidManifest.xml